<?xml version="1.0" encoding="UTF-8"?>
<testng-results ignored="0" total="1" passed="1" failed="0" skipped="0">
  <reporter-output>
    <line>
      <![CDATA[Hello]]>
    </line>
  </reporter-output>
  <suite started-at="2023-12-19T21:47:55 IST" name="Default suite" finished-at="2023-12-19T21:47:55 IST" duration-ms="130">
    <groups>
    </groups>
    <test started-at="2023-12-19T21:47:55 IST" name="Default test" finished-at="2023-12-19T21:47:55 IST" duration-ms="130">
      <class name="Maven.Practice">
        <test-method signature="log()[pri:0, instance:Maven.Practice@1c7696c6]" started-at="2023-12-19T21:47:55 IST" name="log" finished-at="2023-12-19T21:47:55 IST" duration-ms="17" status="PASS">
          <reporter-output>
            <line>
              <![CDATA[Hello]]>
            </line>
          </reporter-output>
        </test-method> <!-- log -->
      </class> <!-- Maven.Practice -->
    </test> <!-- Default test -->
  </suite> <!-- Default suite -->
</testng-results>
